Arguments: 
  /usr/local/bin/node /usr/local/bin/yarn add dotent -D

PATH: 
  /Users/yangfeng/go/bin:/usr/local/bin:/usr/bin:/bin:/usr/sbin:/sbin:/usr/local/go/bin:/usr/local/bin

Yarn version: 
  1.22.18

Node version: 
  14.18.1

Platform: 
  darwin x64

Trace: 
  Error: http://registry.npm.taobao.org/dotent: [NOT_FOUND] dotent not found
      at Request.params.callback [as _callback] (/usr/local/lib/node_modules/yarn/lib/cli.js:66138:18)
      at Request.self.callback (/usr/local/lib/node_modules/yarn/lib/cli.js:140883:22)
      at Request.emit (events.js:400:28)
      at Request.<anonymous> (/usr/local/lib/node_modules/yarn/lib/cli.js:141855:10)
      at Request.emit (events.js:400:28)
      at Gunzip.<anonymous> (/usr/local/lib/node_modules/yarn/lib/cli.js:141777:12)
      at Object.onceWrapper (events.js:519:28)
      at Gunzip.emit (events.js:400:28)
      at endReadableNT (internal/streams/readable.js:1334:12)
      at processTicksAndRejections (internal/process/task_queues.js:82:21)

npm manifest: 
  {
    "name": "lightning",
    "version": "1.0.0",
    "description": "",
    "main": "index.js",
    "scripts": {
      "test": "echo \"Error: no test specified\" && exit 1"
    },
    "keywords": [],
    "author": "",
    "license": "ISC",
    "devDependencies": {
      "@ethersproject/abi": "^5.7.0",
      "@ethersproject/providers": "^5.7.2",
      "@nomicfoundation/hardhat-chai-matchers": "^1.0.5",
      "@nomicfoundation/hardhat-network-helpers": "^1.0.7",
      "@nomicfoundation/hardhat-toolbox": "^2.0.1",
      "@nomiclabs/hardhat-ethers": "^2.2.2",
      "@nomiclabs/hardhat-etherscan": "^3.1.5",
      "@typechain/ethers-v5": "^10.2.0",
      "@typechain/hardhat": "^6.1.5",
      "@types/chai": "^4.3.4",
      "@types/mocha": "^10.0.1",
      "@types/node": "^18.11.18",
      "chai": "^4.3.7",
      "ethers": "^5.7.2",
      "hardhat": "^2.12.6",
      "hardhat-gas-reporter": "^1.0.9",
      "solidity-coverage": "^0.8.2",
      "ts-node": "^10.9.1",
      "typechain": "^8.1.1",
      "typescript": "^4.9.4"
    }
  }

yarn manifest: 
  No manifest

Lockfile: 
  No lockfile
